<?xml version="1.0" encoding="UTF-8"?>
<VOTABLE xmlns="http://www.ivoa.net/xml/VOTable/v1.3" xmlns:xsi="http://www.w3.org/2001/XMLSchema-instance" version="1.4">
  <RESOURCE type="results">
    <TABLE>
      <FIELD name="test" datatype="float" unit="d">
        <DESCRIPTION></DESCRIPTION>
      </FIELD>
      <DATA>
        <TABLEDATA>
          <TR>
            <TD>0.0</TD>
          </TR>
        </TABLEDATA>
      </DATA>
    </TABLE>
    <INFO name="placeholder" value="ignore" />
  </RESOURCE>
</VOTABLE>
